0 info it worked if it ends with ok
1 verbose cli [ '/usr/local/Cellar/node/7.3.0/bin/node',
1 verbose cli   '/usr/local/bin/npm',
1 verbose cli   'search',
1 verbose cli   'date' ]
2 info using npm@3.10.10
3 info using node@v7.3.0
4 silly mapToRegistry name -/all
5 silly mapToRegistry using default registry
6 silly mapToRegistry registry https://registry.npm.taobao.org/
7 silly mapToRegistry data Result {
7 silly mapToRegistry   raw: '-/all',
7 silly mapToRegistry   scope: null,
7 silly mapToRegistry   escapedName: null,
7 silly mapToRegistry   name: null,
7 silly mapToRegistry   rawSpec: '-/all',
7 silly mapToRegistry   spec: '-/all',
7 silly mapToRegistry   type: 'local' }
8 silly mapToRegistry uri https://registry.npm.taobao.org/-/all
9 info updateIndex /Users/liyongkang/.npm/registry.npm.taobao.org/-/all/.cache.json
10 verbose correctMkdir /Users/liyongkang/.npm correctMkdir not in flight; initializing
11 warn Building the local index for the first time, please be patient
12 silly update-index fetching https://registry.npm.taobao.org/-/all
13 verbose request uri https://registry.npm.taobao.org/-/all
14 verbose request no auth needed
15 info attempt registry request try #1 at 8:11:52 PM
16 verbose request id e29c4b7706b8426b
17 http request GET https://registry.npm.taobao.org/-/all
18 http 200 https://registry.npm.taobao.org/-/all
19 verbose headers { date: 'Fri, 02 Jun 2017 12:11:58 GMT',
19 verbose headers   'content-type': 'application/json; charset=utf-8',
19 verbose headers   'content-length': '10989115',
19 verbose headers   connection: 'keep-alive',
19 verbose headers   'x-current-requests': '1',
19 verbose headers   etag: '"a7ae3b-cacGJ3aRcE/Bei5VfjWBsJFf9mA"',
19 verbose headers   'x-readtime': '4764' }
20 verbose stack Error: true true: -/all
20 verbose stack     at makeError (/usr/local/lib/node_modules/npm/node_modules/npm-registry-client/lib/request.js:302:12)
20 verbose stack     at CachingRegistryClient.<anonymous> (/usr/local/lib/node_modules/npm/node_modules/npm-registry-client/lib/request.js:290:14)
20 verbose stack     at Request._callback (/usr/local/lib/node_modules/npm/node_modules/npm-registry-client/lib/request.js:210:14)
20 verbose stack     at Request.self.callback (/usr/local/lib/node_modules/npm/node_modules/request/request.js:187:22)
20 verbose stack     at emitTwo (events.js:106:13)
20 verbose stack     at Request.emit (events.js:191:7)
20 verbose stack     at Request.<anonymous> (/usr/local/lib/node_modules/npm/node_modules/request/request.js:1048:10)
20 verbose stack     at emitOne (events.js:96:13)
20 verbose stack     at Request.emit (events.js:188:7)
20 verbose stack     at IncomingMessage.<anonymous> (/usr/local/lib/node_modules/npm/node_modules/request/request.js:969:12)
21 verbose statusCode 200
22 verbose cwd /Users/liyongkang/code/MackenBlog
23 error Darwin 16.6.0
24 error argv "/usr/local/Cellar/node/7.3.0/bin/node" "/usr/local/bin/npm" "search" "date"
25 error node v7.3.0
26 error npm  v3.10.10
27 error code E200
28 error true true: -/all
29 error If you need help, you may report this error at:
29 error     <https://github.com/npm/npm/issues>
30 verbose exit [ 1, true ]
